Added Component: Designator=*(MPU6050)
Add Component: Footprint Not Found ARDUINO UNO
Added Component: Designator=D*(DATA_PIN_HEADER_4_2.54m)
Added Component: Designator=H*(FEMALE_HEADER_2)
Add Component: Footprint Not Found TO127P2020X500X2100-15
Added Pin To Net: NetName=+5 Pin=*-VCC
Added Pin To Net: NetName=+5 Pin=D*-1
Added Net: Name=+5
Added Pin To Net: NetName=+12 Pin=H*-1
Added Net: Name=+12
Added Pin To Net: NetName=Echo Pin=D*-3
Added Net: Name=Echo
Added Net: Name=EN_A
Added Net: Name=EN_B
Added Net: Name=IN_1
Added Net: Name=IN_2
Added Net: Name=IN_3
Added Net: Name=IN_4
Added Pin To Net: NetName=INT_1 Pin=*-INT
Added Net: Name=INT_1
Added Net: Name=N_12
Added Pin To Net: NetName=N_GND Pin=*-GND
Added Pin To Net: NetName=N_GND Pin=D*-4
Added Pin To Net: NetName=N_GND Pin=H*-2
Added Net: Name=N_GND
Added Net: Name=NetD?_1
Added Net: Name=NetD?_2
Added Net: Name=NetQ?_2
Added Net: Name=OUT_1
Added Net: Name=OUT_2
Added Net: Name=OUT_3
Added Net: Name=OUT_4
Added Pin To Net: NetName=SCL_1 Pin=*-SCL
Added Net: Name=SCL_1
Added Pin To Net: NetName=SDA_1 Pin=*-SDA
Added Net: Name=SDA_1
Added Pin To Net: NetName=Trig Pin=D*-2
Added Net: Name=Trig
Added Class: Name=Sheet1
